SF:lib/main.dart
DA:6,0
DA:9,2
DA:11,1
LF:3
LH:2
end_of_record
SF:lib/app/calculator/data/model/button_model.dart
DA:7,1
LF:1
LH:1
end_of_record
SF:lib/app/calculator/logic/providers.dart
DA:9,3
DA:10,2
DA:12,1
DA:13,1
DA:14,1
DA:19,1
DA:24,1
DA:32,1
DA:34,1
DA:35,1
DA:36,1
DA:37,2
DA:38,0
DA:40,2
DA:41,0
DA:43,3
DA:44,2
DA:45,3
DA:46,1
DA:47,0
DA:49,1
DA:50,0
DA:51,0
DA:53,2
DA:56,0
DA:57,0
DA:58,0
LF:27
LH:19
end_of_record
SF:lib/app/calculator/utilities/constants.dart
DA:38,4
DA:39,2
DA:40,1
DA:44,1
DA:57,1
DA:58,1
DA:60,1
DA:63,1
DA:64,1
LF:9
LH:9
end_of_record
SF:lib/app/calculator/presentation/screens/calculator_screen.dart
DA:8,1
DA:10,1
DA:12,1
DA:14,1
DA:17,1
LF:5
LH:5
end_of_record
SF:lib/app/calculator/presentation/widgets/button_grid.dart
DA:9,1
DA:11,1
DA:13,1
DA:15,2
DA:21,1
DA:22,2
DA:23,1
DA:24,2
DA:25,1
DA:26,3
DA:27,2
DA:28,1
DA:29,1
DA:31,1
DA:32,1
LF:15
LH:15
end_of_record
SF:lib/app/calculator/presentation/widgets/result_text.dart
DA:8,1
DA:10,1
DA:12,2
DA:13,1
DA:15,1
DA:18,1
LF:6
LH:6
end_of_record
